TN:
SF:src\use-cases\submit-feedback-use-case.ts
FN:11,SubmitFeedbackUseCase
FN:16,execute
FNF:2
FNH:2
FNDA:1,SubmitFeedbackUseCase
FNDA:3,execute
DA:1,1
DA:2,1
DA:3,1
DA:4,1
DA:5,1
DA:6,1
DA:7,1
DA:8,1
DA:9,1
DA:10,1
DA:11,1
DA:12,1
DA:13,1
DA:14,1
DA:15,1
DA:16,1
DA:17,3
DA:18,3
DA:19,3
DA:20,3
DA:21,3
DA:22,3
DA:23,3
DA:24,3
DA:25,1
DA:26,1
DA:27,2
DA:28,3
DA:29,1
DA:30,1
DA:31,1
DA:32,3
DA:33,0
DA:34,0
DA:35,1
DA:36,1
DA:37,1
DA:38,1
DA:39,1
DA:40,1
DA:41,1
DA:42,1
DA:43,1
DA:44,1
DA:45,1
DA:46,1
LF:46
LH:44
BRDA:11,0,0,1
BRDA:16,1,0,3
BRDA:24,2,0,1
BRDA:27,3,0,2
BRDA:28,4,0,1
BRDA:32,5,0,0
BRDA:32,6,0,0
BRDA:35,7,0,1
BRF:8
BRH:6
end_of_record
